<?xml version="1.0" encoding="UTF-8"?>
<testsuite name="com.parqueadero.parqueaderoPostgres.ParqueaderoPostgresApplicationTests" tests="6" skipped="0" failures="0" errors="0" timestamp="2018-05-17T21:36:26" hostname="JERSON-ZAMBRANO" time="0.339">
  <properties/>
  <testcase name="validarDiaDomingoLunesTest" classname="com.parqueadero.parqueaderoPostgres.ParqueaderoPostgresApplicationTests" time="0.129"/>
  <testcase name="ingresarVehiculoRegistradoTest" classname="com.parqueadero.parqueaderoPostgres.ParqueaderoPostgresApplicationTests" time="0.155"/>
  <testcase name="sacarVehiculoInexistente" classname="com.parqueadero.parqueaderoPostgres.ParqueaderoPostgresApplicationTests" time="0.005"/>
  <testcase name="contextLoads" classname="com.parqueadero.parqueaderoPostgres.ParqueaderoPostgresApplicationTests" time="0.001"/>
  <testcase name="registrarIngresoIntegracionTest" classname="com.parqueadero.parqueaderoPostgres.ParqueaderoPostgresApplicationTests" time="0.034"/>
  <testcase name="buscarVehiculoTest" classname="com.parqueadero.parqueaderoPostgres.ParqueaderoPostgresApplicationTests" time="0.011"/>
  <system-out><![CDATA[16:36:19.928 [Test worker] DEBUG org.springframework.test.context.junit4.SpringJUnit4ClassRunner - SpringJUnit4ClassRunner constructor called with [class com.parqueadero.parqueaderoPostgres.ParqueaderoPostgresApplicationTests]
16:36:19.943 [Test worker] DEBUG org.springframework.test.context.BootstrapUtils - Instantiating CacheAwareContextLoaderDelegate from class [org.springframework.test.context.cache.DefaultCacheAwareContextLoaderDelegate]
16:36:19.954 [Test worker] DEBUG org.springframework.test.context.BootstrapUtils - Instantiating BootstrapContext using constructor [public org.springframework.test.context.support.DefaultBootstrapContext(java.lang.Class,org.springframework.test.context.CacheAwareContextLoaderDelegate)]
16:36:19.982 [Test worker] DEBUG org.springframework.test.context.BootstrapUtils - Instantiating TestContextBootstrapper for test class [com.parqueadero.parqueaderoPostgres.ParqueaderoPostgresApplicationTests] from class [org.springframework.boot.test.context.SpringBootTestContextBootstrapper]
16:36:20.002 [Test worker] INFO org.springframework.boot.test.context.SpringBootTestContextBootstrapper - Neither @ContextConfiguration nor @ContextHierarchy found for test class [com.parqueadero.parqueaderoPostgres.ParqueaderoPostgresApplicationTests], using SpringBootContextLoader
16:36:20.006 [Test worker] DEBUG org.springframework.test.context.support.AbstractContextLoader - Did not detect default resource location for test class [com.parqueadero.parqueaderoPostgres.ParqueaderoPostgresApplicationTests]: class path resource [com/parqueadero/parqueaderoPostgres/ParqueaderoPostgresApplicationTests-context.xml] does not exist
16:36:20.007 [Test worker] DEBUG org.springframework.test.context.support.AbstractContextLoader - Did not detect default resource location for test class [com.parqueadero.parqueaderoPostgres.ParqueaderoPostgresApplicationTests]: class path resource [com/parqueadero/parqueaderoPostgres/ParqueaderoPostgresApplicationTestsContext.groovy] does not exist
16:36:20.007 [Test worker] INFO org.springframework.test.context.support.AbstractContextLoader - Could not detect default resource locations for test class [com.parqueadero.parqueaderoPostgres.ParqueaderoPostgresApplicationTests]: no resource found for suffixes {-context.xml, Context.groovy}.
16:36:20.008 [Test worker] INFO org.springframework.test.context.support.AnnotationConfigContextLoaderUtils - Could not detect default configuration classes for test class [com.parqueadero.parqueaderoPostgres.ParqueaderoPostgresApplicationTests]: ParqueaderoPostgresApplicationTests does not declare any static, non-private, non-final, nested classes annotated with @Configuration.
16:36:20.066 [Test worker] DEBUG org.springframework.test.context.support.ActiveProfilesUtils - Could not find an 'annotation declaring class' for annotation type [org.springframework.test.context.ActiveProfiles] and class [com.parqueadero.parqueaderoPostgres.ParqueaderoPostgresApplicationTests]
16:36:20.078 [Test worker] DEBUG org.springframework.core.env.StandardEnvironment - Adding PropertySource 'systemProperties' with lowest search precedence
16:36:20.079 [Test worker] DEBUG org.springframework.core.env.StandardEnvironment - Adding PropertySource 'systemEnvironment' with lowest search precedence
16:36:20.080 [Test worker] DEBUG org.springframework.core.env.StandardEnvironment - Initialized StandardEnvironment with PropertySources [MapPropertySource@898565 {name='systemProperties', properties={java.runtime.name=Java(TM) SE Runtime Environment, sun.boot.library.path=C:\Program Files (x86)\Java\jdk1.8.0_171\jre\bin, java.vm.version=25.171-b11, java.vm.vendor=Oracle Corporation, java.vendor.url=http://java.oracle.com/, path.separator=;, java.vm.name=Java HotSpot(TM) Client VM, file.encoding.pkg=sun.io, user.script=, sun.java.launcher=SUN_STANDARD, user.country=419, sun.os.patch.level=, java.vm.specification.name=Java Virtual Machine Specification, user.dir=D:\Parqueadero\parqueadero, java.runtime.version=1.8.0_171-b11, java.awt.graphicsenv=sun.awt.Win32GraphicsEnvironment, java.endorsed.dirs=C:\Program Files (x86)\Java\jdk1.8.0_171\jre\lib\endorsed, os.arch=x86, java.io.tmpdir=C:\Users\JERSON~1.ZAM\AppData\Local\Temp\, line.separator=
, java.vm.specification.vendor=Oracle Corporation, user.variant=, os.name=Windows 10, sun.jnu.encoding=Cp1252, java.library.path=C:\Program Files (x86)\Java\jdk1.8.0_171\bin;C:\Windows\Sun\Java\bin;C:\Windows\system32;C:\Windows;C:\Users\jerson.zambrano\bin;C:\Program Files\Git\mingw64\bin;C:\Program Files\Git\usr\local\bin;C:\Program Files\Git\usr\bin;C:\Program Files\Git\usr\bin;C:\Program Files\Git\mingw64\bin;C:\Program Files\Git\usr\bin;C:\Users\jerson.zambrano\bin;C:\Program Files (x86)\Common Files\Oracle\Java;C:\Program Files (x86)\Java\jdk1.8.0_171\bin;C:\Oracle\product\11.1.0\client_1\bin;C:\Program Files\CollabNet\Subversion Client;C:\Windows\system32;C:\Windows;C:\Windows\System32\Wbem;C:\Windows\System32\WindowsPowerShell\v1.0;C:\Windows\System32\OpenSSH;C:\Program Files\TortoiseSVN\bin;C:\Program Files (x86)\ATI Technologies\ATI.ACE\Core-Static;C:\Program Files\PuTTY;C:\Program Files\Git\cmd;C:\Gradle\bin;C:\Program Files (x86)\apache-maven-3.5.3\apache-maven\src\bin;C:\Program Files (x86)\Brackets\command;C:\Program Files\nodejs;C:\Users\jerson.zambrano\AppData\Local\Microsoft\WindowsApps;C:\Users\jerson.zambrano\AppData\Roaming\npm;C:\Program Files\Git\usr\bin\vendor_perl;C:\Program Files\Git\usr\bin\core_perl;., java.specification.name=Java Platform API Specification, java.class.version=52.0, org.gradle.native=false, sun.management.compiler=HotSpot Client Compiler, os.version=10.0, user.home=C:\Users\jerson.zambrano, user.timezone=America/Bogota, java.awt.printerjob=sun.awt.windows.WPrinterJob, file.encoding=windows-1252, java.specification.version=1.8, java.class.path=D:\Parqueadero\parqueadero\build\classes\java\test;D:\Parqueadero\parqueadero\build\resources\test;D:\Parqueadero\parqueadero\build\classes\java\main;D:\Parqueadero\parqueadero\build\resources\main;C:\Users\jerson.zambrano\.gradle\caches\modules-2\files-2.1\org.springframework.boot\spring-boot-starter-data-jpa\2.1.0.BUILD-SNAPSHOT\8d387ded58e9885d070b98a20a43f3223dcb0b2f\spring-boot-starter-data-jpa-2.1.0.BUILD-SNAPSHOT.jar;C:\Users\jerson.zambrano\.gradle\caches\modules-2\files-2.1\org.springframework.boot\spring-boot-starter-web\2.1.0.BUILD-SNAPSHOT\3071cf1e767785d53916c80e6aa4a5d9638720dd\spring-boot-starter-web-2.1.0.BUILD-SNAPSHOT.jar;C:\Users\jerson.zambrano\.gradle\caches\modules-2\files-2.1\org.springframework.boot\spring-boot-devtools\2.1.0.BUILD-SNAPSHOT\383fae077030c35d7fe28e5c09c2abe4f30919ae\spring-boot-devtools-2.1.0.BUILD-SNAPSHOT.jar;C:\Users\jerson.zambrano\.gradle\caches\modules-2\files-2.1\org.postgresql\postgresql\42.2.2\7ebd60d15eec1f9e796d68212121d92e3dd566b2\postgresql-42.2.2.jar;C:\Users\jerson.zambrano\.gradle\caches\modules-2\files-2.1\org.springframework.boot\spring-boot-starter-test\2.1.0.BUILD-SNAPSHOT\5d87273ec6b760ce697c01e10007bf457ea334ca\spring-boot-starter-test-2.1.0.BUILD-SNAPSHOT.jar;C:\Users\jerson.zambrano\.gradle\caches\modules-2\files-2.1\org.springframework.boot\spring-boot-starter-aop\2.1.0.BUILD-SNAPSHOT\58b67d0b6c94a5b432452d6a935911fd5c7c9805\spring-boot-starter-aop-2.1.0.BUILD-SNAPSHOT.jar;C:\Users\jerson.zambrano\.gradle\caches\modules-2\files-2.1\org.springframework.boot\spring-boot-starter-jdbc\2.1.0.BUILD-SNAPSHOT\fe344d11a36d226e051c73a4fc19b1ed66f53039\spring-boot-starter-jdbc-2.1.0.BUILD-SNAPSHOT.jar;C:\Users\jerson.zambrano\.gradle\caches\modules-2\files-2.1\org.springframework.boot\spring-boot-starter-json\2.1.0.BUILD-SNAPSHOT\d2036d0db8623390098add890cfa100b83d3e8f3\spring-boot-starter-json-2.1.0.BUILD-SNAPSHOT.jar;C:\Users\jerson.zambrano\.gradle\caches\modules-2\files-2.1\org.springframework.boot\spring-boot-starter\2.1.0.BUILD-SNAPSHOT\b49a6eed3abc1f751ca89f4fc9ace563efd506b1\spring-boot-starter-2.1.0.BUILD-SNAPSHOT.jar;C:\Users\jerson.zambrano\.gradle\caches\modules-2\files-2.1\org.hibernate\hibernate-core\5.2.17.Final\f2dc36470e7a2ffcf6106bb1625ecf5b54bb5f65\hibernate-core-5.2.17.Final.jar;C:\Users\jerson.zambrano\.gradle\caches\modules-2\files-2.1\javax.transaction\javax.transaction-api\1.2\d81aff979d603edd90dcd8db2abc1f4ce6479e3e\javax.transaction-api-1.2.jar;C:\Users\jerson.zambrano\.gradle\caches\modules-2\files-2.1\org.springframework.data\spring-data-jpa\2.1.0.M3\666d5e256c538293b4ffdddb01070ec132951ab7\spring-data-jpa-2.1.0.M3.jar;C:\Users\jerson.zambrano\.gradle\caches\modules-2\files-2.1\org.springframework\spring-aspects\5.0.6.RELEASE\45a7631a64eb82625067587b9796d4418d9e0568\spring-aspects-5.0.6.RELEASE.jar;C:\Users\jerson.zambrano\.gradle\caches\modules-2\files-2.1\org.springframework.boot\spring-boot-starter-tomcat\2.1.0.BUILD-SNAPSHOT\d018cd7930b18bb0c56407c671624aba9ec4366e\spring-boot-starter-tomcat-2.1.0.BUILD-SNAPSHOT.jar;C:\Users\jerson.zambrano\.gradle\caches\modules-2\files-2.1\org.hibernate.validator\hibernate-validator\6.0.9.Final\b149e4cce82379f11f6129eb3187ca8ae5404005\hibernate-validator-6.0.9.Final.jar;C:\Users\jerson.zambrano\.gradle\caches\modules-2\files-2.1\org.springframework\spring-webmvc\5.0.6.RELEASE\1361c5d1cf46665ee01de5dc1ca447c3be174c19\spring-webmvc-5.0.6.RELEASE.jar;C:\Users\jerson.zambrano\.gradle\caches\modules-2\files-2.1\org.springframework\spring-web\5.0.6.RELEASE\89e89de3025165998118590613aedc6df8d64af6\spring-web-5.0.6.RELEASE.jar;C:\Users\jerson.zambrano\.gradle\caches\modules-2\files-2.1\org.springframework.boot\spring-boot-test-autoconfigure\2.1.0.BUILD-SNAPSHOT\44577a4a61d50a097b499a1296d178fa3a77c103\spring-boot-test-autoconfigure-2.1.0.BUILD-SNAPSHOT.jar;C:\Users\jerson.zambrano\.gradle\caches\modules-2\files-2.1\org.springframework.boot\spring-boot-autoconfigure\2.1.0.BUILD-SNAPSHOT\94f7b580bce19c3e4e8dff9975aca81c4d2ad641\spring-boot-autoconfigure-2.1.0.BUILD-SNAPSHOT.jar;C:\Users\jerson.zambrano\.gradle\caches\modules-2\files-2.1\org.springframework.boot\spring-boot-test\2.1.0.BUILD-SNAPSHOT\826a4316a3ce715580136fda661b783559fe560b\spring-boot-test-2.1.0.BUILD-SNAPSHOT.jar;C:\Users\jerson.zambrano\.gradle\caches\modules-2\files-2.1\org.springframework.boot\spring-boot\2.1.0.BUILD-SNAPSHOT\a76efc9d717f2f87932c0c4293e68e89bf9ed737\spring-boot-2.1.0.BUILD-SNAPSHOT.jar;C:\Users\jerson.zambrano\.gradle\caches\modules-2\files-2.1\com.jayway.jsonpath\json-path\2.4.0\765a4401ceb2dc8d40553c2075eb80a8fa35c2ae\json-path-2.4.0.jar;C:\Users\jerson.zambrano\.gradle\caches\modules-2\files-2.1\junit\junit\4.12\2973d150c0dc1fefe998f834810d68f278ea58ec\junit-4.12.jar;C:\Users\jerson.zambrano\.gradle\caches\modules-2\files-2.1\org.assertj\assertj-core\3.9.1\c5ce126b15f28d56cd8f960c1a6a058b9c9aea87\assertj-core-3.9.1.jar;C:\Users\jerson.zambrano\.gradle\caches\modules-2\files-2.1\org.mockito\mockito-core\2.18.3\98aa130476c5d1915dac35b5ad053a7ffcd675bc\mockito-core-2.18.3.jar;C:\Users\jerson.zambrano\.gradle\caches\modules-2\files-2.1\org.hamcrest\hamcrest-library\1.3\4785a3c21320980282f9f33d0d1264a69040538f\hamcrest-library-1.3.jar;C:\Users\jerson.zambrano\.gradle\caches\modules-2\files-2.1\org.hamcrest\hamcrest-core\1.3\42a25dc3219429f0e5d060061f71acb49bf010a0\hamcrest-core-1.3.jar;C:\Users\jerson.zambrano\.gradle\caches\modules-2\files-2.1\org.skyscreamer\jsonassert\1.5.0\6c9d5fe2f59da598d9aefc1cfc6528ff3cf32df3\jsonassert-1.5.0.jar;C:\Users\jerson.zambrano\.gradle\caches\modules-2\files-2.1\org.springframework\spring-test\5.0.6.RELEASE\dbc99b288774b2e07d94bc14fe38d556bc3ed34a\spring-test-5.0.6.RELEASE.jar;C:\Users\jerson.zambrano\.gradle\caches\modules-2\files-2.1\org.springframework\spring-orm\5.0.6.RELEASE\7a08073597b79dfcd4db1cffa924f2b991a14a20\spring-orm-5.0.6.RELEASE.jar;C:\Users\jerson.zambrano\.gradle\caches\modules-2\files-2.1\org.springframework\spring-jdbc\5.0.6.RELEASE\7d4de1ee9b042774e09ceb88393e5a564e342729\spring-jdbc-5.0.6.RELEASE.jar;C:\Users\jerson.zambrano\.gradle\caches\modules-2\files-2.1\org.springframework.data\spring-data-commons\2.1.0.M3\de649168bbfea4f7af6b796f1f524fbeb582cde1\spring-data-commons-2.1.0.M3.jar;C:\Users\jerson.zambrano\.gradle\caches\modules-2\files-2.1\org.springframework\spring-context\5.0.6.RELEASE\8b73b742ef0ddce04f0f1068f305de240b00ce0d\spring-context-5.0.6.RELEASE.jar;C:\Users\jerson.zambrano\.gradle\caches\modules-2\files-2.1\org.springframework\spring-tx\5.0.6.RELEASE\1b6ffc44f2d59507a0fce1084fcc21788b13904\spring-tx-5.0.6.RELEASE.jar;C:\Users\jerson.zambrano\.gradle\caches\modules-2\files-2.1\org.springframework\spring-aop\5.0.6.RELEASE\74078df698992054c1c1a8f705763a6c7b4b914c\spring-aop-5.0.6.RELEASE.jar;C:\Users\jerson.zambrano\.gradle\caches\modules-2\files-2.1\org.springframework\spring-beans\5.0.6.RELEASE\d609b83cd8a71650a70778cf8d02c9a05b9161fe\spring-beans-5.0.6.RELEASE.jar;C:\Users\jerson.zambrano\.gradle\caches\modules-2\files-2.1\org.springframework\spring-expression\5.0.6.RELEASE\dec57ae5e6f0dfd4c6cfc199aa13ed268c3e1a65\spring-expression-5.0.6.RELEASE.jar;C:\Users\jerson.zambrano\.gradle\caches\modules-2\files-2.1\org.springframework\spring-core\5.0.6.RELEASE\984a52455b1be596b7f1a29f62d21d2f483eb764\spring-core-5.0.6.RELEASE.jar;C:\Users\jerson.zambrano\.gradle\caches\modules-2\files-2.1\org.xmlunit\xmlunit-core\2.5.1\4ffdb346572a7356f7521cd3119ce5287d2e339d\xmlunit-core-2.5.1.jar;C:\Users\jerson.zambrano\.gradle\caches\modules-2\files-2.1\org.springframework.boot\spring-boot-starter-logging\2.1.0.BUILD-SNAPSHOT\301b51704639b52045650f46e1000ff51943507c\spring-boot-starter-logging-2.1.0.BUILD-SNAPSHOT.jar;C:\Users\jerson.zambrano\.gradle\caches\modules-2\files-2.1\javax.annotation\javax.annotation-api\1.3.2\934c04d3cfef185a8008e7bf34331b79730a9d43\javax.annotation-api-1.3.2.jar;C:\Users\jerson.zambrano\.gradle\caches\modules-2\files-2.1\org.yaml\snakeyaml\1.19\2d998d3d674b172a588e54ab619854d073f555b5\snakeyaml-1.19.jar;C:\Users\jerson.zambrano\.gradle\caches\modules-2\files-2.1\org.aspectj\aspectjweaver\1.9.0\6048d6b230e52e74de656d26a48530734fc85944\aspectjweaver-1.9.0.jar;C:\Users\jerson.zambrano\.gradle\caches\modules-2\files-2.1\com.zaxxer\HikariCP\2.7.9\a83113d2c091d0d0f853dad3217bd7df3beb6ae3\HikariCP-2.7.9.jar;C:\Users\jerson.zambrano\.gradle\caches\modules-2\files-2.1\org.hibernate.common\hibernate-commons-annotations\5.0.1.Final\71e1cff3fcb20d3b3af4f3363c3ddb24d33c6879\hibernate-commons-annotations-5.0.1.Final.jar;C:\Users\jerson.zambrano\.gradle\caches\modules-2\files-2.1\org.jboss.logging\jboss-logging\3.3.2.Final\3789d00e859632e6c6206adc0c71625559e6e3b0\jboss-logging-3.3.2.Final.jar;C:\Users\jerson.zambrano\.gradle\caches\modules-2\files-2.1\org.hibernate.javax.persistence\hibernate-jpa-2.1-api\1.0.2.Final\52afb5762c704a6b586e27742470c08f91877fc1\hibernate-jpa-2.1-api-1.0.2.Final.jar;C:\Users\jerson.zambrano\.gradle\caches\modules-2\files-2.1\org.javassist\javassist\3.22.0-GA\3e83394258ae2089be7219b971ec21a8288528ad\javassist-3.22.0-GA.jar;C:\Users\jerson.zambrano\.gradle\caches\modules-2\files-2.1\antlr\antlr\2.7.7\83cd2cd674a217ade95a4bb83a8a14f351f48bd0\antlr-2.7.7.jar;C:\Users\jerson.zambrano\.gradle\caches\modules-2\files-2.1\org.jboss\jandex\2.0.3.Final\bfc4d6257dbff7a33a357f0de116be6ff951d849\jandex-2.0.3.Final.jar;C:\Users\jerson.zambrano\.gradle\caches\modules-2\files-2.1\com.fasterxml\classmate\1.3.4\3d5f48f10bbe4eb7bd862f10c0583be2e0053c6\classmate-1.3.4.jar;C:\Users\jerson.zambrano\.gradle\caches\modules-2\files-2.1\dom4j\dom4j\1.6.1\5d3ccc056b6f056dbf0dddfdf43894b9065a8f94\dom4j-1.6.1.jar;C:\Users\jerson.zambrano\.gradle\caches\modules-2\files-2.1\ch.qos.logback\logback-classic\1.2.3\7c4f3c474fb2c041d8028740440937705ebb473a\logback-classic-1.2.3.jar;C:\Users\jerson.zambrano\.gradle\caches\modules-2\files-2.1\org.apache.logging.log4j\log4j-to-slf4j\2.10.0\f7e631ccf49cfc0aefa4a2a728da7d374c05bd3c\log4j-to-slf4j-2.10.0.jar;C:\Users\jerson.zambrano\.gradle\caches\modules-2\files-2.1\org.slf4j\jul-to-slf4j\1.7.25\af5364cd6679bfffb114f0dec8a157aaa283b76\jul-to-slf4j-1.7.25.jar;C:\Users\jerson.zambrano\.gradle\caches\modules-2\files-2.1\org.slf4j\slf4j-api\1.7.25\da76ca59f6a57ee3102f8f9bd9cee742973efa8a\slf4j-api-1.7.25.jar;C:\Users\jerson.zambrano\.gradle\caches\modules-2\files-2.1\com.fasterxml.jackson.datatype\jackson-datatype-jdk8\2.9.5\23e37f085279ba316c0df923513b81609e1d1f6\jackson-datatype-jdk8-2.9.5.jar;C:\Users\jerson.zambrano\.gradle\caches\modules-2\files-2.1\com.fasterxml.jackson.datatype\jackson-datatype-jsr310\2.9.5\d1f0d11e816bc04e222a261106ca138801841c2d\jackson-datatype-jsr310-2.9.5.jar;C:\Users\jerson.zambrano\.gradle\caches\modules-2\files-2.1\com.fasterxml.jackson.module\jackson-module-parameter-names\2.9.5\f824c60751ffb7bfc3a0d30dfe0e42317d8e67f5\jackson-module-parameter-names-2.9.5.jar;C:\Users\jerson.zambrano\.gradle\caches\modules-2\files-2.1\com.fasterxml.jackson.core\jackson-databind\2.9.5\3490508379d065fe3fcb80042b62f630f7588606\jackson-databind-2.9.5.jar;C:\Users\jerson.zambrano\.gradle\caches\modules-2\files-2.1\org.apache.tomcat.embed\tomcat-embed-websocket\8.5.31\6564e716b89de5eaa0dd234ae7989576503ddf3\tomcat-embed-websocket-8.5.31.jar;C:\Users\jerson.zambrano\.gradle\caches\modules-2\files-2.1\org.apache.tomcat.embed\tomcat-embed-core\8.5.31\f5adf7ed8c34aa005b22b6a2dc7b6796e10e9c79\tomcat-embed-core-8.5.31.jar;C:\Users\jerson.zambrano\.gradle\caches\modules-2\files-2.1\org.apache.tomcat.embed\tomcat-embed-el\8.5.31\3a536e1ac71b82627c3a7408eb38fa0704cb9034\tomcat-embed-el-8.5.31.jar;C:\Users\jerson.zambrano\.gradle\caches\modules-2\files-2.1\javax.validation\validation-api\2.0.1.Final\cb855558e6271b1b32e716d24cb85c7f583ce09e\validation-api-2.0.1.Final.jar;C:\Users\jerson.zambrano\.gradle\caches\modules-2\files-2.1\net.minidev\json-smart\2.3\7396407491352ce4fa30de92efb158adb76b5b\json-smart-2.3.jar;C:\Users\jerson.zambrano\.gradle\caches\modules-2\files-2.1\net.bytebuddy\byte-buddy\1.7.11\f02857a4e2c66ccbe7aaad6100a0a6c461bce9b3\byte-buddy-1.7.11.jar;C:\Users\jerson.zambrano\.gradle\caches\modules-2\files-2.1\net.bytebuddy\byte-buddy-agent\1.7.11\b425a8933ca07edd03c6dbc8bc3b595fba9780de\byte-buddy-agent-1.7.11.jar;C:\Users\jerson.zambrano\.gradle\caches\modules-2\files-2.1\org.objenesis\objenesis\2.6\639033469776fd37c08358c6b92a4761feb2af4b\objenesis-2.6.jar;C:\Users\jerson.zambrano\.gradle\caches\modules-2\files-2.1\com.vaadin.external.google\android-json\0.0.20131108.vaadin1\fa26d351fe62a6a17f5cda1287c1c6110dec413f\android-json-0.0.20131108.vaadin1.jar;C:\Users\jerson.zambrano\.gradle\caches\modules-2\files-2.1\org.springframework\spring-jcl\5.0.6.RELEASE\295ee4e8657e9c1fd327735c01d5fbce339cc44d\spring-jcl-5.0.6.RELEASE.jar;C:\Users\jerson.zambrano\.gradle\caches\modules-2\files-2.1\com.fasterxml.jackson.core\jackson-annotations\2.9.0\7c10d545325e3a6e72e06381afe469fd40eb701\jackson-annotations-2.9.0.jar;C:\Users\jerson.zambrano\.gradle\caches\modules-2\files-2.1\com.fasterxml.jackson.core\jackson-core\2.9.5\a22ac51016944b06fd9ffbc9541c6e7ce5eea117\jackson-core-2.9.5.jar;C:\Users\jerson.zambrano\.gradle\caches\modules-2\files-2.1\net.minidev\accessors-smart\1.2\c592b500269bfde36096641b01238a8350f8aa31\accessors-smart-1.2.jar;C:\Users\jerson.zambrano\.gradle\caches\modules-2\files-2.1\ch.qos.logback\logback-core\1.2.3\864344400c3d4d92dfeb0a305dc87d953677c03c\logback-core-1.2.3.jar;C:\Users\jerson.zambrano\.gradle\caches\modules-2\files-2.1\org.apache.logging.log4j\log4j-api\2.10.0\fec5797a55b786184a537abd39c3fa1449d752d6\log4j-api-2.10.0.jar;C:\Users\jerson.zambrano\.gradle\caches\modules-2\files-2.1\org.ow2.asm\asm\5.0.4\da08b8cce7bbf903602a25a3a163ae252435795\asm-5.0.4.jar, user.name=jerson.zambrano, java.vm.specification.version=1.8, sun.java.command=worker.org.gradle.process.internal.worker.GradleWorkerMain 'Gradle Test Executor 1', java.home=C:\Program Files (x86)\Java\jdk1.8.0_171\jre, sun.arch.data.model=32, user.language=es, java.specification.vendor=Oracle Corporation, awt.toolkit=sun.awt.windows.WToolkit, java.vm.info=mixed mode, java.version=1.8.0_171, java.ext.dirs=C:\Program Files (x86)\Java\jdk1.8.0_171\jre\lib\ext;C:\Windows\Sun\Java\lib\ext, sun.boot.class.path=C:\Program Files (x86)\Java\jdk1.8.0_171\jre\lib\resources.jar;C:\Program Files (x86)\Java\jdk1.8.0_171\jre\lib\rt.jar;C:\Program Files (x86)\Java\jdk1.8.0_171\jre\lib\sunrsasign.jar;C:\Program Files (x86)\Java\jdk1.8.0_171\jre\lib\jsse.jar;C:\Program Files (x86)\Java\jdk1.8.0_171\jre\lib\jce.jar;C:\Program Files (x86)\Java\jdk1.8.0_171\jre\lib\charsets.jar;C:\Program Files (x86)\Java\jdk1.8.0_171\jre\lib\jfr.jar;C:\Program Files (x86)\Java\jdk1.8.0_171\jre\classes, java.vendor=Oracle Corporation, org.gradle.test.worker=1, file.separator=\, java.vendor.url.bug=http://bugreport.sun.com/bugreport/, sun.io.unicode.encoding=UnicodeLittle, sun.cpu.endian=little, sun.desktop=windows, sun.cpu.isalist=pentium_pro+mmx pentium_pro pentium+mmx pentium i486 i386 i86}}, SystemEnvironmentPropertySource@22908631 {name='systemEnvironment', properties={PATH=C:\Users\jerson.zambrano\bin;C:\Program Files\Git\mingw64\bin;C:\Program Files\Git\usr\local\bin;C:\Program Files\Git\usr\bin;C:\Program Files\Git\usr\bin;C:\Program Files\Git\mingw64\bin;C:\Program Files\Git\usr\bin;C:\Users\jerson.zambrano\bin;C:\Program Files (x86)\Common Files\Oracle\Java;C:\Program Files (x86)\Java\jdk1.8.0_171\bin;C:\Oracle\product\11.1.0\client_1\bin;C:\Program Files\CollabNet\Subversion Client;C:\Windows\system32;C:\Windows;C:\Windows\System32\Wbem;C:\Windows\System32\WindowsPowerShell\v1.0;C:\Windows\System32\OpenSSH;C:\Program Files\TortoiseSVN\bin;C:\Program Files (x86)\ATI Technologies\ATI.ACE\Core-Static;C:\Program Files\PuTTY;C:\Program Files\Git\cmd;C:\Gradle\bin;C:\Program Files (x86)\apache-maven-3.5.3\apache-maven\src\bin;C:\Program Files (x86)\Brackets\command;C:\Program Files\nodejs;C:\Users\jerson.zambrano\AppData\Local\Microsoft\WindowsApps;C:\Users\jerson.zambrano\AppData\Roaming\npm;C:\Program Files\Git\usr\bin\vendor_perl;C:\Program Files\Git\usr\bin\core_perl, USERDOMAIN_ROAMINGPROFILE=CEIBA, PKG_CONFIG_PATH=C:\Program Files\Git\mingw64\lib\pkgconfig;C:\Program Files\Git\mingw64\share\pkgconfig, MSYSTEM_PREFIX=C:/Program Files/Git/mingw64, PROCESSOR_LEVEL=6, SYSTEMDRIVE=C:, CONFIG_SITE=C:/Program Files/Git/mingw64/etc/config.site, SESSIONNAME=Console, ALLUSERSPROFILE=C:\ProgramData, PROCESSOR_ARCHITECTURE=x86, MSYSTEM_CHOST=x86_64-w64-mingw32, PSModulePath=C:\Program Files\WindowsPowerShell\Modules;C:\Windows\system32\WindowsPowerShell\v1.0\Modules, ORIGINAL_TEMP=C:/Users/JERSON~1.ZAM/AppData/Local/Temp, PROGRAMFILES=C:\Program Files (x86), USERNAME=jerson.zambrano, USERDNSDOMAIN=CEIBA.LOCAL, PWD=D:/Parqueadero/parqueadero, ProgramFiles(x86)=C:\Program Files (x86), INFOPATH=C:\Program Files\Git\usr\local\info;C:\Program Files\Git\usr\share\info;C:\Program Files\Git\usr\info;C:\Program Files\Git\share\info, PATHEXT=.COM;.EXE;.BAT;.CMD;.VBS;.VBE;.JS;.JSE;.WSF;.WSH;.MSC, SHELL=C:\Program Files\Git\usr\bin\bash.exe, DriverData=C:\Windows\System32\Drivers\DriverData, PROCESSOR_ARCHITEW6432=AMD64, ORIGINAL_TMP=C:/Users/JERSON~1.ZAM/AppData/Local/Temp, OLDPWD=C:/Gradle, TMPDIR=C:\Users\JERSON~1.ZAM\AppData\Local\Temp, WINDIR=C:\Windows, ProgramData=C:\ProgramData, ProgramW6432=C:\Program Files, SSH_ASKPASS=C:/Program Files/Git/mingw64/libexec/git-core/git-gui--askpass, HOMEPATH=\Users\jerson.zambrano, PROCESSOR_IDENTIFIER=Intel64 Family 6 Model 60 Stepping 3, GenuineIntel, M2_HOME=C:\Program Files (x86)\apache-maven-3.5.3\apache-maven\src, PUBLIC=C:\Users\Public, MINGW_CHOST=x86_64-w64-mingw32, =::=::\, EXEPATH=C:\Program Files\Git, SHLVL=1, LOCALAPPDATA=C:\Users\jerson.zambrano\AppData\Local, ORIGINAL_PATH=C:\Program Files\Git\mingw64\bin;C:\Program Files\Git\usr\bin;C:\Users\jerson.zambrano\bin;C:\Program Files (x86)\Common Files\Oracle\Java;C:\Program Files (x86)\Java\jdk1.8.0_171\bin;C:\Oracle\product\11.1.0\client_1\bin;C:\Program Files\CollabNet\Subversion Client;C:\Windows\system32;C:\Windows;C:\Windows\System32\Wbem;C:\Windows\System32\WindowsPowerShell\v1.0;C:\Windows\System32\OpenSSH;C:\Program Files\TortoiseSVN\bin;C:\Program Files (x86)\ATI Technologies\ATI.ACE\Core-Static;C:\Program Files\PuTTY;C:\Program Files\Git\cmd;C:\Gradle\bin;C:\Program Files (x86)\apache-maven-3.5.3\apache-maven\src\bin;C:\Program Files (x86)\Brackets\command;C:\Program Files\nodejs;C:\Users\jerson.zambrano\AppData\Local\Microsoft\WindowsApps;C:\Users\jerson.zambrano\AppData\Roaming\npm, MANPATH=C:\Program Files\Git\mingw64\share\man;C:\Program Files\Git\usr\local\man;C:\Program Files\Git\usr\share\man;C:\Program Files\Git\usr\man;C:\Program Files\Git\share\man, MINGW_PACKAGE_PREFIX=mingw-w64-x86_64, USERDOMAIN=CEIBA, LOGONSERVER=\\CRONOS, JAVA_HOME=C:\Program Files (x86)\Java\jdk1.8.0_171, PLINK_PROTOCOL=ssh, TERM=xterm, LANG=es_MX.UTF-8, GRADLE_HOME=C:\Gradle, MINGW_PREFIX=C:/Program Files/Git/mingw64, DISPLAY=needs-to-be-defined, MSYSTEM=MINGW64, OneDrive=C:\Users\jerson.zambrano\OneDrive, APPDATA=C:\Users\jerson.zambrano\AppData\Roaming, SYSTEMROOT=C:\Windows, OS=Windows_NT, COMPUTERNAME=JERSON-ZAMBRANO, COMMONPROGRAMFILES=C:\Program Files (x86)\Common Files, COMSPEC=C:\Windows\system32\cmd.exe, PROCESSOR_REVISION=3c03, CommonProgramW6432=C:\Program Files\Common Files, ACLOCAL_PATH=C:\Program Files\Git\mingw64\share\aclocal;C:\Program Files\Git\usr\share\aclocal, MSYSTEM_CARCH=x86_64, TEMP=C:\Users\JERSON~1.ZAM\AppData\Local\Temp, HOSTNAME=JERSON-ZAMBRANO, HOMEDRIVE=C:, USERPROFILE=C:\Users\jerson.zambrano, TMP=C:\Users\JERSON~1.ZAM\AppData\Local\Temp, CommonProgramFiles(x86)=C:\Program Files (x86)\Common Files, NUMBER_OF_PROCESSORS=4, HOME=C:\Users\jerson.zambrano}}]
16:36:20.099 [Test worker] DEBUG org.springframework.core.io.support.PathMatchingResourcePatternResolver - Resolved classpath location [com/parqueadero/parqueaderoPostgres/] to resources [URL [file:/D:/Parqueadero/parqueadero/build/classes/java/test/com/parqueadero/parqueaderoPostgres/]]
16:36:20.099 [Test worker] DEBUG org.springframework.core.io.support.PathMatchingResourcePatternResolver - Looking for matching resources in directory tree [D:\Parqueadero\parqueadero\build\classes\java\test\com\parqueadero\parqueaderoPostgres]
16:36:20.099 [Test worker] DEBUG org.springframework.core.io.support.PathMatchingResourcePatternResolver - Searching directory [D:\Parqueadero\parqueadero\build\classes\java\test\com\parqueadero\parqueaderoPostgres] for files matching pattern [D:/Parqueadero/parqueadero/build/classes/java/test/com/parqueadero/parqueaderoPostgres/*.class]
16:36:20.102 [Test worker] DEBUG org.springframework.core.io.support.PathMatchingResourcePatternResolver - Resolved location pattern [classpath*:com/parqueadero/parqueaderoPostgres/*.class] to resources [file [D:\Parqueadero\parqueadero\build\classes\java\test\com\parqueadero\parqueaderoPostgres\ParqueaderoPostgresApplicationTests.class]]
16:36:20.141 [Test worker] DEBUG org.springframework.core.io.support.PathMatchingResourcePatternResolver - Resolved classpath location [com/parqueadero/] to resources [URL [file:/D:/Parqueadero/parqueadero/build/classes/java/test/com/parqueadero/], URL [file:/D:/Parqueadero/parqueadero/build/classes/java/main/com/parqueadero/]]
16:36:20.141 [Test worker] DEBUG org.springframework.core.io.support.PathMatchingResourcePatternResolver - Looking for matching resources in directory tree [D:\Parqueadero\parqueadero\build\classes\java\test\com\parqueadero]
16:36:20.142 [Test worker] DEBUG org.springframework.core.io.support.PathMatchingResourcePatternResolver - Searching directory [D:\Parqueadero\parqueadero\build\classes\java\test\com\parqueadero] for files matching pattern [D:/Parqueadero/parqueadero/build/classes/java/test/com/parqueadero/*.class]
16:36:20.142 [Test worker] DEBUG org.springframework.core.io.support.PathMatchingResourcePatternResolver - Looking for matching resources in directory tree [D:\Parqueadero\parqueadero\build\classes\java\main\com\parqueadero]
16:36:20.142 [Test worker] DEBUG org.springframework.core.io.support.PathMatchingResourcePatternResolver - Searching directory [D:\Parqueadero\parqueadero\build\classes\java\main\com\parqueadero] for files matching pattern [D:/Parqueadero/parqueadero/build/classes/java/main/com/parqueadero/*.class]
16:36:20.143 [Test worker] DEBUG org.springframework.core.io.support.PathMatchingResourcePatternResolver - Resolved location pattern [classpath*:com/parqueadero/*.class] to resources [file [D:\Parqueadero\parqueadero\build\classes\java\main\com\parqueadero\ParqueaderoPostgresApplication.class]]
16:36:20.172 [Test worker] DEBUG org.springframework.context.annotation.ClassPathScanningCandidateComponentProvider - Identified candidate component class: file [D:\Parqueadero\parqueadero\build\classes\java\main\com\parqueadero\ParqueaderoPostgresApplication.class]
16:36:20.173 [Test worker] INFO org.springframework.boot.test.context.SpringBootTestContextBootstrapper - Found @SpringBootConfiguration com.parqueadero.ParqueaderoPostgresApplication for test class com.parqueadero.parqueaderoPostgres.ParqueaderoPostgresApplicationTests
16:36:20.349 [Test worker] DEBUG org.springframework.boot.test.context.SpringBootTestContextBootstrapper - @TestExecutionListeners is not present for class [com.parqueadero.parqueaderoPostgres.ParqueaderoPostgresApplicationTests]: using defaults.
16:36:20.350 [Test worker] INFO org.springframework.boot.test.context.SpringBootTestContextBootstrapper - Loaded default TestExecutionListener class names from location [META-INF/spring.factories]: [org.springframework.boot.test.autoconfigure.restdocs.RestDocsTestExecutionListener, org.springframework.boot.test.autoconfigure.web.client.MockRestServiceServerResetTestExecutionListener, org.springframework.boot.test.autoconfigure.web.servlet.MockMvcPrintOnlyOnFailureTestExecutionListener, org.springframework.boot.test.autoconfigure.web.servlet.WebDriverTestExecutionListener, org.springframework.boot.test.mock.mockito.MockitoTestExecutionListener, org.springframework.boot.test.mock.mockito.ResetMocksTestExecutionListener, org.springframework.test.context.web.ServletTestExecutionListener, org.springframework.test.context.support.DirtiesContextBeforeModesTestExecutionListener, org.springframework.test.context.support.DependencyInjectionTestExecutionListener, org.springframework.test.context.support.DirtiesContextTestExecutionListener, org.springframework.test.context.transaction.TransactionalTestExecutionListener, org.springframework.test.context.jdbc.SqlScriptsTestExecutionListener]
16:36:20.387 [Test worker] INFO org.springframework.boot.test.context.SpringBootTestContextBootstrapper - Using TestExecutionListeners: [org.springframework.test.context.web.ServletTestExecutionListener@19a92f0, org.springframework.test.context.support.DirtiesContextBeforeModesTestExecutionListener@3563e5, org.springframework.boot.test.mock.mockito.MockitoTestExecutionListener@1a4d9c4, org.springframework.boot.test.autoconfigure.SpringBootDependencyInjectionTestExecutionListener@ce8bba, org.springframework.test.context.support.DirtiesContextTestExecutionListener@11c8c81, org.springframework.test.context.transaction.TransactionalTestExecutionListener@f5ee0c, org.springframework.test.context.jdbc.SqlScriptsTestExecutionListener@12a666f, org.springframework.boot.test.autoconfigure.restdocs.RestDocsTestExecutionListener@10ba36b, org.springframework.boot.test.autoconfigure.web.client.MockRestServiceServerResetTestExecutionListener@8e44cf, org.springframework.boot.test.autoconfigure.web.servlet.MockMvcPrintOnlyOnFailureTestExecutionListener@17e4b5c, org.springframework.boot.test.autoconfigure.web.servlet.WebDriverTestExecutionListener@15b4682, org.springframework.boot.test.mock.mockito.ResetMocksTestExecutionListener@1cba039]
16:36:20.396 [Test worker] DEBUG org.springframework.test.annotation.ProfileValueUtils - Retrieved @ProfileValueSourceConfiguration [null] for test class [com.parqueadero.parqueaderoPostgres.ParqueaderoPostgresApplicationTests]
16:36:20.396 [Test worker] DEBUG org.springframework.test.annotation.ProfileValueUtils - Retrieved ProfileValueSource type [class org.springframework.test.annotation.SystemProfileValueSource] for class [com.parqueadero.parqueaderoPostgres.ParqueaderoPostgresApplicationTests]
16:36:20.397 [Test worker] DEBUG org.springframework.test.annotation.ProfileValueUtils - Retrieved @ProfileValueSourceConfiguration [null] for test class [com.parqueadero.parqueaderoPostgres.ParqueaderoPostgresApplicationTests]
16:36:20.397 [Test worker] DEBUG org.springframework.test.annotation.ProfileValueUtils - Retrieved ProfileValueSource type [class org.springframework.test.annotation.SystemProfileValueSource] for class [com.parqueadero.parqueaderoPostgres.ParqueaderoPostgresApplicationTests]
16:36:20.422 [Test worker] DEBUG org.springframework.test.context.support.AbstractDirtiesContextTestExecutionListener - Before test class: context [DefaultTestContext@1a4a409 testClass = ParqueaderoPostgresApplicationTests, testInstance = [null], testMethod = [null], testException = [null], mergedContextConfiguration = [WebMergedContextConfiguration@131d5be testClass = ParqueaderoPostgresApplicationTests, locations = '{}', classes = '{class com.parqueadero.ParqueaderoPostgresApplication}', contextInitializerClasses = '[]', activeProfiles = '{}', propertySourceLocations = '{}', propertySourceProperties = '{org.springframework.boot.test.context.SpringBootTestContextBootstrapper=true}', contextCustomizers = set[org.springframework.boot.test.autoconfigure.properties.PropertyMappingContextCustomizer@0, org.springframework.boot.test.autoconfigure.web.servlet.WebDriverContextCustomizerFactory$Customizer@d2b946, org.springframework.boot.test.context.filter.ExcludeFilterContextCustomizer@d545ae, org.springframework.boot.test.json.DuplicateJsonObjectContextCustomizerFactory$DuplicateJsonObjectContextCustomizer@1c3a8d7, org.springframework.boot.test.mock.mockito.MockitoContextCustomizer@0, org.springframework.boot.test.web.client.TestRestTemplateContextCustomizer@4f8c24], resourceBasePath = 'src/main/webapp', contextLoader = 'org.springframework.boot.test.context.SpringBootContextLoader', parent = [null]], attributes = map['org.springframework.test.context.web.ServletTestExecutionListener.activateListener' -> true]], class annotated with @DirtiesContext [false] with mode [null].
16:36:20.422 [Test worker] DEBUG org.springframework.test.annotation.ProfileValueUtils - Retrieved @ProfileValueSourceConfiguration [null] for test class [com.parqueadero.parqueaderoPostgres.ParqueaderoPostgresApplicationTests]
16:36:20.422 [Test worker] DEBUG org.springframework.test.annotation.ProfileValueUtils - Retrieved ProfileValueSource type [class org.springframework.test.annotation.SystemProfileValueSource] for class [com.parqueadero.parqueaderoPostgres.ParqueaderoPostgresApplicationTests]
16:36:20.452 [Test worker] DEBUG org.springframework.core.env.StandardEnvironment - Adding PropertySource 'systemProperties' with lowest search precedence
16:36:20.453 [Test worker] DEBUG org.springframework.core.env.StandardEnvironment - Adding PropertySource 'systemEnvironment' with lowest search precedence
16:36:20.453 [Test worker] DEBUG org.springframework.core.env.StandardEnvironment - Initialized StandardEnvironment with PropertySources [MapPropertySource@767822 {name='systemProperties', properties={java.runtime.name=Java(TM) SE Runtime Environment, sun.boot.library.path=C:\Program Files (x86)\Java\jdk1.8.0_171\jre\bin, java.vm.version=25.171-b11, java.vm.vendor=Oracle Corporation, java.vendor.url=http://java.oracle.com/, path.separator=;, java.vm.name=Java HotSpot(TM) Client VM, file.encoding.pkg=sun.io, user.script=, sun.java.launcher=SUN_STANDARD, user.country=419, sun.os.patch.level=, java.vm.specification.name=Java Virtual Machine Specification, user.dir=D:\Parqueadero\parqueadero, java.runtime.version=1.8.0_171-b11, java.awt.graphicsenv=sun.awt.Win32GraphicsEnvironment, java.endorsed.dirs=C:\Program Files (x86)\Java\jdk1.8.0_171\jre\lib\endorsed, os.arch=x86, java.io.tmpdir=C:\Users\JERSON~1.ZAM\AppData\Local\Temp\, line.separator=
, java.vm.specification.vendor=Oracle Corporation, user.variant=, os.name=Windows 10, sun.jnu.encoding=Cp1252, java.library.path=C:\Program Files (x86)\Java\jdk1.8.0_171\bin;C:\Windows\Sun\Java\bin;C:\Windows\system32;C:\Windows;C:\Users\jerson.zambrano\bin;C:\Program Files\Git\mingw64\bin;C:\Program Files\Git\usr\local\bin;C:\Program Files\Git\usr\bin;C:\Program Files\Git\usr\bin;C:\Program Files\Git\mingw64\bin;C:\Program Files\Git\usr\bin;C:\Users\jerson.zambrano\bin;C:\Program Files (x86)\Common Files\Oracle\Java;C:\Program Files (x86)\Java\jdk1.8.0_171\bin;C:\Oracle\product\11.1.0\client_1\bin;C:\Program Files\CollabNet\Subversion Client;C:\Windows\system32;C:\Windows;C:\Windows\System32\Wbem;C:\Windows\System32\WindowsPowerShell\v1.0;C:\Windows\System32\OpenSSH;C:\Program Files\TortoiseSVN\bin;C:\Program Files (x86)\ATI Technologies\ATI.ACE\Core-Static;C:\Program Files\PuTTY;C:\Program Files\Git\cmd;C:\Gradle\bin;C:\Program Files (x86)\apache-maven-3.5.3\apache-maven\src\bin;C:\Program Files (x86)\Brackets\command;C:\Program Files\nodejs;C:\Users\jerson.zambrano\AppData\Local\Microsoft\WindowsApps;C:\Users\jerson.zambrano\AppData\Roaming\npm;C:\Program Files\Git\usr\bin\vendor_perl;C:\Program Files\Git\usr\bin\core_perl;., java.specification.name=Java Platform API Specification, java.class.version=52.0, org.gradle.native=false, sun.management.compiler=HotSpot Client Compiler, os.version=10.0, user.home=C:\Users\jerson.zambrano, user.timezone=America/Bogota, java.awt.printerjob=sun.awt.windows.WPrinterJob, file.encoding=windows-1252, java.specification.version=1.8, java.class.path=D:\Parqueadero\parqueadero\build\classes\java\test;D:\Parqueadero\parqueadero\build\resources\test;D:\Parqueadero\parqueadero\build\classes\java\main;D:\Parqueadero\parqueadero\build\resources\main;C:\Users\jerson.zambrano\.gradle\caches\modules-2\files-2.1\org.springframework.boot\spring-boot-starter-data-jpa\2.1.0.BUILD-SNAPSHOT\8d387ded58e9885d070b98a20a43f3223dcb0b2f\spring-boot-starter-data-jpa-2.1.0.BUILD-SNAPSHOT.jar;C:\Users\jerson.zambrano\.gradle\caches\modules-2\files-2.1\org.springframework.boot\spring-boot-starter-web\2.1.0.BUILD-SNAPSHOT\3071cf1e767785d53916c80e6aa4a5d9638720dd\spring-boot-starter-web-2.1.0.BUILD-SNAPSHOT.jar;C:\Users\jerson.zambrano\.gradle\caches\modules-2\files-2.1\org.springframework.boot\spring-boot-devtools\2.1.0.BUILD-SNAPSHOT\383fae077030c35d7fe28e5c09c2abe4f30919ae\spring-boot-devtools-2.1.0.BUILD-SNAPSHOT.jar;C:\Users\jerson.zambrano\.gradle\caches\modules-2\files-2.1\org.postgresql\postgresql\42.2.2\7ebd60d15eec1f9e796d68212121d92e3dd566b2\postgresql-42.2.2.jar;C:\Users\jerson.zambrano\.gradle\caches\modules-2\files-2.1\org.springframework.boot\spring-boot-starter-test\2.1.0.BUILD-SNAPSHOT\5d87273ec6b760ce697c01e10007bf457ea334ca\spring-boot-starter-test-2.1.0.BUILD-SNAPSHOT.jar;C:\Users\jerson.zambrano\.gradle\caches\modules-2\files-2.1\org.springframework.boot\spring-boot-starter-aop\2.1.0.BUILD-SNAPSHOT\58b67d0b6c94a5b432452d6a935911fd5c7c9805\spring-boot-starter-aop-2.1.0.BUILD-SNAPSHOT.jar;C:\Users\jerson.zambrano\.gradle\caches\modules-2\files-2.1\org.springframework.boot\spring-boot-starter-jdbc\2.1.0.BUILD-SNAPSHOT\fe344d11a36d226e051c73a4fc19b1ed66f53039\spring-boot-starter-jdbc-2.1.0.BUILD-SNAPSHOT.jar;C:\Users\jerson.zambrano\.gradle\caches\modules-2\files-2.1\org.springframework.boot\spring-boot-starter-json\2.1.0.BUILD-SNAPSHOT\d2036d0db8623390098add890cfa100b83d3e8f3\spring-boot-starter-json-2.1.0.BUILD-SNAPSHOT.jar;C:\Users\jerson.zambrano\.gradle\caches\modules-2\files-2.1\org.springframework.boot\spring-boot-starter\2.1.0.BUILD-SNAPSHOT\b49a6eed3abc1f751ca89f4fc9ace563efd506b1\spring-boot-starter-2.1.0.BUILD-SNAPSHOT.jar;C:\Users\jerson.zambrano\.gradle\caches\modules-2\files-2.1\org.hibernate\hibernate-core\5.2.17.Final\f2dc36470e7a2ffcf6106bb1625ecf5b54bb5f65\hibernate-core-5.2.17.Final.jar;C:\Users\jerson.zambrano\.gradle\caches\modules-2\files-2.1\javax.transaction\javax.transaction-api\1.2\d81aff979d603edd90dcd8db2abc1f4ce6479e3e\javax.transaction-api-1.2.jar;C:\Users\jerson.zambrano\.gradle\caches\modules-2\files-2.1\org.springframework.data\spring-data-jpa\2.1.0.M3\666d5e256c538293b4ffdddb01070ec132951ab7\spring-data-jpa-2.1.0.M3.jar;C:\Users\jerson.zambrano\.gradle\caches\modules-2\files-2.1\org.springframework\spring-aspects\5.0.6.RELEASE\45a7631a64eb82625067587b9796d4418d9e0568\spring-aspects-5.0.6.RELEASE.jar;C:\Users\jerson.zambrano\.gradle\caches\modules-2\files-2.1\org.springframework.boot\spring-boot-starter-tomcat\2.1.0.BUILD-SNAPSHOT\d018cd7930b18bb0c56407c671624aba9ec4366e\spring-boot-starter-tomcat-2.1.0.BUILD-SNAPSHOT.jar;C:\Users\jerson.zambrano\.gradle\caches\modules-2\files-2.1\org.hibernate.validator\hibernate-validator\6.0.9.Final\b149e4cce82379f11f6129eb3187ca8ae5404005\hibernate-validator-6.0.9.Final.jar;C:\Users\jerson.zambrano\.gradle\caches\modules-2\files-2.1\org.springframework\spring-webmvc\5.0.6.RELEASE\1361c5d1cf46665ee01de5dc1ca447c3be174c19\spring-webmvc-5.0.6.RELEASE.jar;C:\Users\jerson.zambrano\.gradle\caches\modules-2\files-2.1\org.springframework\spring-web\5.0.6.RELEASE\89e89de3025165998118590613aedc6df8d64af6\spring-web-5.0.6.RELEASE.jar;C:\Users\jerson.zambrano\.gradle\caches\modules-2\files-2.1\org.springframework.boot\spring-boot-test-autoconfigure\2.1.0.BUILD-SNAPSHOT\44577a4a61d50a097b499a1296d178fa3a77c103\spring-boot-test-autoconfigure-2.1.0.BUILD-SNAPSHOT.jar;C:\Users\jerson.zambrano\.gradle\caches\modules-2\files-2.1\org.springframework.boot\spring-boot-autoconfigure\2.1.0.BUILD-SNAPSHOT\94f7b580bce19c3e4e8dff9975aca81c4d2ad641\spring-boot-autoconfigure-2.1.0.BUILD-SNAPSHOT.jar;C:\Users\jerson.zambrano\.gradle\caches\modules-2\files-2.1\org.springframework.boot\spring-boot-test\2.1.0.BUILD-SNAPSHOT\826a4316a3ce715580136fda661b783559fe560b\spring-boot-test-2.1.0.BUILD-SNAPSHOT.jar;C:\Users\jerson.zambrano\.gradle\caches\modules-2\files-2.1\org.springframework.boot\spring-boot\2.1.0.BUILD-SNAPSHOT\a76efc9d717f2f87932c0c4293e68e89bf9ed737\spring-boot-2.1.0.BUILD-SNAPSHOT.jar;C:\Users\jerson.zambrano\.gradle\caches\modules-2\files-2.1\com.jayway.jsonpath\json-path\2.4.0\765a4401ceb2dc8d40553c2075eb80a8fa35c2ae\json-path-2.4.0.jar;C:\Users\jerson.zambrano\.gradle\caches\modules-2\files-2.1\junit\junit\4.12\2973d150c0dc1fefe998f834810d68f278ea58ec\junit-4.12.jar;C:\Users\jerson.zambrano\.gradle\caches\modules-2\files-2.1\org.assertj\assertj-core\3.9.1\c5ce126b15f28d56cd8f960c1a6a058b9c9aea87\assertj-core-3.9.1.jar;C:\Users\jerson.zambrano\.gradle\caches\modules-2\files-2.1\org.mockito\mockito-core\2.18.3\98aa130476c5d1915dac35b5ad053a7ffcd675bc\mockito-core-2.18.3.jar;C:\Users\jerson.zambrano\.gradle\caches\modules-2\files-2.1\org.hamcrest\hamcrest-library\1.3\4785a3c21320980282f9f33d0d1264a69040538f\hamcrest-library-1.3.jar;C:\Users\jerson.zambrano\.gradle\caches\modules-2\files-2.1\org.hamcrest\hamcrest-core\1.3\42a25dc3219429f0e5d060061f71acb49bf010a0\hamcrest-core-1.3.jar;C:\Users\jerson.zambrano\.gradle\caches\modules-2\files-2.1\org.skyscreamer\jsonassert\1.5.0\6c9d5fe2f59da598d9aefc1cfc6528ff3cf32df3\jsonassert-1.5.0.jar;C:\Users\jerson.zambrano\.gradle\caches\modules-2\files-2.1\org.springframework\spring-test\5.0.6.RELEASE\dbc99b288774b2e07d94bc14fe38d556bc3ed34a\spring-test-5.0.6.RELEASE.jar;C:\Users\jerson.zambrano\.gradle\caches\modules-2\files-2.1\org.springframework\spring-orm\5.0.6.RELEASE\7a08073597b79dfcd4db1cffa924f2b991a14a20\spring-orm-5.0.6.RELEASE.jar;C:\Users\jerson.zambrano\.gradle\caches\modules-2\files-2.1\org.springframework\spring-jdbc\5.0.6.RELEASE\7d4de1ee9b042774e09ceb88393e5a564e342729\spring-jdbc-5.0.6.RELEASE.jar;C:\Users\jerson.zambrano\.gradle\caches\modules-2\files-2.1\org.springframework.data\spring-data-commons\2.1.0.M3\de649168bbfea4f7af6b796f1f524fbeb582cde1\spring-data-commons-2.1.0.M3.jar;C:\Users\jerson.zambrano\.gradle\caches\modules-2\files-2.1\org.springframework\spring-context\5.0.6.RELEASE\8b73b742ef0ddce04f0f1068f305de240b00ce0d\spring-context-5.0.6.RELEASE.jar;C:\Users\jerson.zambrano\.gradle\caches\modules-2\files-2.1\org.springframework\spring-tx\5.0.6.RELEASE\1b6ffc44f2d59507a0fce1084fcc21788b13904\spring-tx-5.0.6.RELEASE.jar;C:\Users\jerson.zambrano\.gradle\caches\modules-2\files-2.1\org.springframework\spring-aop\5.0.6.RELEASE\74078df698992054c1c1a8f705763a6c7b4b914c\spring-aop-5.0.6.RELEASE.jar;C:\Users\jerson.zambrano\.gradle\caches\modules-2\files-2.1\org.springframework\spring-beans\5.0.6.RELEASE\d609b83cd8a71650a70778cf8d02c9a05b9161fe\spring-beans-5.0.6.RELEASE.jar;C:\Users\jerson.zambrano\.gradle\caches\modules-2\files-2.1\org.springframework\spring-expression\5.0.6.RELEASE\dec57ae5e6f0dfd4c6cfc199aa13ed268c3e1a65\spring-expression-5.0.6.RELEASE.jar;C:\Users\jerson.zambrano\.gradle\caches\modules-2\files-2.1\org.springframework\spring-core\5.0.6.RELEASE\984a52455b1be596b7f1a29f62d21d2f483eb764\spring-core-5.0.6.RELEASE.jar;C:\Users\jerson.zambrano\.gradle\caches\modules-2\files-2.1\org.xmlunit\xmlunit-core\2.5.1\4ffdb346572a7356f7521cd3119ce5287d2e339d\xmlunit-core-2.5.1.jar;C:\Users\jerson.zambrano\.gradle\caches\modules-2\files-2.1\org.springframework.boot\spring-boot-starter-logging\2.1.0.BUILD-SNAPSHOT\301b51704639b52045650f46e1000ff51943507c\spring-boot-starter-logging-2.1.0.BUILD-SNAPSHOT.jar;C:\Users\jerson.zambrano\.gradle\caches\modules-2\files-2.1\javax.annotation\javax.annotation-api\1.3.2\934c04d3cfef185a8008e7bf34331b79730a9d43\javax.annotation-api-1.3.2.jar;C:\Users\jerson.zambrano\.gradle\caches\modules-2\files-2.1\org.yaml\snakeyaml\1.19\2d998d3d674b172a588e54ab619854d073f555b5\snakeyaml-1.19.jar;C:\Users\jerson.zambrano\.gradle\caches\modules-2\files-2.1\org.aspectj\aspectjweaver\1.9.0\6048d6b230e52e74de656d26a48530734fc85944\aspectjweaver-1.9.0.jar;C:\Users\jerson.zambrano\.gradle\caches\modules-2\files-2.1\com.zaxxer\HikariCP\2.7.9\a83113d2c091d0d0f853dad3217bd7df3beb6ae3\HikariCP-2.7.9.jar;C:\Users\jerson.zambrano\.gradle\caches\modules-2\files-2.1\org.hibernate.common\hibernate-commons-annotations\5.0.1.Final\71e1cff3fcb20d3b3af4f3363c3ddb24d33c6879\hibernate-commons-annotations-5.0.1.Final.jar;C:\Users\jerson.zambrano\.gradle\caches\modules-2\files-2.1\org.jboss.logging\jboss-logging\3.3.2.Final\3789d00e859632e6c6206adc0c71625559e6e3b0\jboss-logging-3.3.2.Final.jar;C:\Users\jerson.zambrano\.gradle\caches\modules-2\files-2.1\org.hibernate.javax.persistence\hibernate-jpa-2.1-api\1.0.2.Final\52afb5762c704a6b586e27742470c08f91877fc1\hibernate-jpa-2.1-api-1.0.2.Final.jar;C:\Users\jerson.zambrano\.gradle\caches\modules-2\files-2.1\org.javassist\javassist\3.22.0-GA\3e83394258ae2089be7219b971ec21a8288528ad\javassist-3.22.0-GA.jar;C:\Users\jerson.zambrano\.gradle\caches\modules-2\files-2.1\antlr\antlr\2.7.7\83cd2cd674a217ade95a4bb83a8a14f351f48bd0\antlr-2.7.7.jar;C:\Users\jerson.zambrano\.gradle\caches\modules-2\files-2.1\org.jboss\jandex\2.0.3.Final\bfc4d6257dbff7a33a357f0de116be6ff951d849\jandex-2.0.3.Final.jar;C:\Users\jerson.zambrano\.gradle\caches\modules-2\files-2.1\com.fasterxml\classmate\1.3.4\3d5f48f10bbe4eb7bd862f10c0583be2e0053c6\classmate-1.3.4.jar;C:\Users\jerson.zambrano\.gradle\caches\modules-2\files-2.1\dom4j\dom4j\1.6.1\5d3ccc056b6f056dbf0dddfdf43894b9065a8f94\dom4j-1.6.1.jar;C:\Users\jerson.zambrano\.gradle\caches\modules-2\files-2.1\ch.qos.logback\logback-classic\1.2.3\7c4f3c474fb2c041d8028740440937705ebb473a\logback-classic-1.2.3.jar;C:\Users\jerson.zambrano\.gradle\caches\modules-2\files-2.1\org.apache.logging.log4j\log4j-to-slf4j\2.10.0\f7e631ccf49cfc0aefa4a2a728da7d374c05bd3c\log4j-to-slf4j-2.10.0.jar;C:\Users\jerson.zambrano\.gradle\caches\modules-2\files-2.1\org.slf4j\jul-to-slf4j\1.7.25\af5364cd6679bfffb114f0dec8a157aaa283b76\jul-to-slf4j-1.7.25.jar;C:\Users\jerson.zambrano\.gradle\caches\modules-2\files-2.1\org.slf4j\slf4j-api\1.7.25\da76ca59f6a57ee3102f8f9bd9cee742973efa8a\slf4j-api-1.7.25.jar;C:\Users\jerson.zambrano\.gradle\caches\modules-2\files-2.1\com.fasterxml.jackson.datatype\jackson-datatype-jdk8\2.9.5\23e37f085279ba316c0df923513b81609e1d1f6\jackson-datatype-jdk8-2.9.5.jar;C:\Users\jerson.zambrano\.gradle\caches\modules-2\files-2.1\com.fasterxml.jackson.datatype\jackson-datatype-jsr310\2.9.5\d1f0d11e816bc04e222a261106ca138801841c2d\jackson-datatype-jsr310-2.9.5.jar;C:\Users\jerson.zambrano\.gradle\caches\modules-2\files-2.1\com.fasterxml.jackson.module\jackson-module-parameter-names\2.9.5\f824c60751ffb7bfc3a0d30dfe0e42317d8e67f5\jackson-module-parameter-names-2.9.5.jar;C:\Users\jerson.zambrano\.gradle\caches\modules-2\files-2.1\com.fasterxml.jackson.core\jackson-databind\2.9.5\3490508379d065fe3fcb80042b62f630f7588606\jackson-databind-2.9.5.jar;C:\Users\jerson.zambrano\.gradle\caches\modules-2\files-2.1\org.apache.tomcat.embed\tomcat-embed-websocket\8.5.31\6564e716b89de5eaa0dd234ae7989576503ddf3\tomcat-embed-websocket-8.5.31.jar;C:\Users\jerson.zambrano\.gradle\caches\modules-2\files-2.1\org.apache.tomcat.embed\tomcat-embed-core\8.5.31\f5adf7ed8c34aa005b22b6a2dc7b6796e10e9c79\tomcat-embed-core-8.5.31.jar;C:\Users\jerson.zambrano\.gradle\caches\modules-2\files-2.1\org.apache.tomcat.embed\tomcat-embed-el\8.5.31\3a536e1ac71b82627c3a7408eb38fa0704cb9034\tomcat-embed-el-8.5.31.jar;C:\Users\jerson.zambrano\.gradle\caches\modules-2\files-2.1\javax.validation\validation-api\2.0.1.Final\cb855558e6271b1b32e716d24cb85c7f583ce09e\validation-api-2.0.1.Final.jar;C:\Users\jerson.zambrano\.gradle\caches\modules-2\files-2.1\net.minidev\json-smart\2.3\7396407491352ce4fa30de92efb158adb76b5b\json-smart-2.3.jar;C:\Users\jerson.zambrano\.gradle\caches\modules-2\files-2.1\net.bytebuddy\byte-buddy\1.7.11\f02857a4e2c66ccbe7aaad6100a0a6c461bce9b3\byte-buddy-1.7.11.jar;C:\Users\jerson.zambrano\.gradle\caches\modules-2\files-2.1\net.bytebuddy\byte-buddy-agent\1.7.11\b425a8933ca07edd03c6dbc8bc3b595fba9780de\byte-buddy-agent-1.7.11.jar;C:\Users\jerson.zambrano\.gradle\caches\modules-2\files-2.1\org.objenesis\objenesis\2.6\639033469776fd37c08358c6b92a4761feb2af4b\objenesis-2.6.jar;C:\Users\jerson.zambrano\.gradle\caches\modules-2\files-2.1\com.vaadin.external.google\android-json\0.0.20131108.vaadin1\fa26d351fe62a6a17f5cda1287c1c6110dec413f\android-json-0.0.20131108.vaadin1.jar;C:\Users\jerson.zambrano\.gradle\caches\modules-2\files-2.1\org.springframework\spring-jcl\5.0.6.RELEASE\295ee4e8657e9c1fd327735c01d5fbce339cc44d\spring-jcl-5.0.6.RELEASE.jar;C:\Users\jerson.zambrano\.gradle\caches\modules-2\files-2.1\com.fasterxml.jackson.core\jackson-annotations\2.9.0\7c10d545325e3a6e72e06381afe469fd40eb701\jackson-annotations-2.9.0.jar;C:\Users\jerson.zambrano\.gradle\caches\modules-2\files-2.1\com.fasterxml.jackson.core\jackson-core\2.9.5\a22ac51016944b06fd9ffbc9541c6e7ce5eea117\jackson-core-2.9.5.jar;C:\Users\jerson.zambrano\.gradle\caches\modules-2\files-2.1\net.minidev\accessors-smart\1.2\c592b500269bfde36096641b01238a8350f8aa31\accessors-smart-1.2.jar;C:\Users\jerson.zambrano\.gradle\caches\modules-2\files-2.1\ch.qos.logback\logback-core\1.2.3\864344400c3d4d92dfeb0a305dc87d953677c03c\logback-core-1.2.3.jar;C:\Users\jerson.zambrano\.gradle\caches\modules-2\files-2.1\org.apache.logging.log4j\log4j-api\2.10.0\fec5797a55b786184a537abd39c3fa1449d752d6\log4j-api-2.10.0.jar;C:\Users\jerson.zambrano\.gradle\caches\modules-2\files-2.1\org.ow2.asm\asm\5.0.4\da08b8cce7bbf903602a25a3a163ae252435795\asm-5.0.4.jar, user.name=jerson.zambrano, java.vm.specification.version=1.8, sun.java.command=worker.org.gradle.process.internal.worker.GradleWorkerMain 'Gradle Test Executor 1', java.home=C:\Program Files (x86)\Java\jdk1.8.0_171\jre, sun.arch.data.model=32, user.language=es, java.specification.vendor=Oracle Corporation, awt.toolkit=sun.awt.windows.WToolkit, java.vm.info=mixed mode, java.version=1.8.0_171, java.ext.dirs=C:\Program Files (x86)\Java\jdk1.8.0_171\jre\lib\ext;C:\Windows\Sun\Java\lib\ext, sun.boot.class.path=C:\Program Files (x86)\Java\jdk1.8.0_171\jre\lib\resources.jar;C:\Program Files (x86)\Java\jdk1.8.0_171\jre\lib\rt.jar;C:\Program Files (x86)\Java\jdk1.8.0_171\jre\lib\sunrsasign.jar;C:\Program Files (x86)\Java\jdk1.8.0_171\jre\lib\jsse.jar;C:\Program Files (x86)\Java\jdk1.8.0_171\jre\lib\jce.jar;C:\Program Files (x86)\Java\jdk1.8.0_171\jre\lib\charsets.jar;C:\Program Files (x86)\Java\jdk1.8.0_171\jre\lib\jfr.jar;C:\Program Files (x86)\Java\jdk1.8.0_171\jre\classes, java.vendor=Oracle Corporation, org.gradle.test.worker=1, file.separator=\, java.vendor.url.bug=http://bugreport.sun.com/bugreport/, sun.io.unicode.encoding=UnicodeLittle, sun.cpu.endian=little, sun.desktop=windows, sun.cpu.isalist=pentium_pro+mmx pentium_pro pentium+mmx pentium i486 i386 i86}}, SystemEnvironmentPropertySource@3938095 {name='systemEnvironment', properties={PATH=C:\Users\jerson.zambrano\bin;C:\Program Files\Git\mingw64\bin;C:\Program Files\Git\usr\local\bin;C:\Program Files\Git\usr\bin;C:\Program Files\Git\usr\bin;C:\Program Files\Git\mingw64\bin;C:\Program Files\Git\usr\bin;C:\Users\jerson.zambrano\bin;C:\Program Files (x86)\Common Files\Oracle\Java;C:\Program Files (x86)\Java\jdk1.8.0_171\bin;C:\Oracle\product\11.1.0\client_1\bin;C:\Program Files\CollabNet\Subversion Client;C:\Windows\system32;C:\Windows;C:\Windows\System32\Wbem;C:\Windows\System32\WindowsPowerShell\v1.0;C:\Windows\System32\OpenSSH;C:\Program Files\TortoiseSVN\bin;C:\Program Files (x86)\ATI Technologies\ATI.ACE\Core-Static;C:\Program Files\PuTTY;C:\Program Files\Git\cmd;C:\Gradle\bin;C:\Program Files (x86)\apache-maven-3.5.3\apache-maven\src\bin;C:\Program Files (x86)\Brackets\command;C:\Program Files\nodejs;C:\Users\jerson.zambrano\AppData\Local\Microsoft\WindowsApps;C:\Users\jerson.zambrano\AppData\Roaming\npm;C:\Program Files\Git\usr\bin\vendor_perl;C:\Program Files\Git\usr\bin\core_perl, USERDOMAIN_ROAMINGPROFILE=CEIBA, PKG_CONFIG_PATH=C:\Program Files\Git\mingw64\lib\pkgconfig;C:\Program Files\Git\mingw64\share\pkgconfig, MSYSTEM_PREFIX=C:/Program Files/Git/mingw64, PROCESSOR_LEVEL=6, SYSTEMDRIVE=C:, CONFIG_SITE=C:/Program Files/Git/mingw64/etc/config.site, SESSIONNAME=Console, ALLUSERSPROFILE=C:\ProgramData, PROCESSOR_ARCHITECTURE=x86, MSYSTEM_CHOST=x86_64-w64-mingw32, PSModulePath=C:\Program Files\WindowsPowerShell\Modules;C:\Windows\system32\WindowsPowerShell\v1.0\Modules, ORIGINAL_TEMP=C:/Users/JERSON~1.ZAM/AppData/Local/Temp, PROGRAMFILES=C:\Program Files (x86), USERNAME=jerson.zambrano, USERDNSDOMAIN=CEIBA.LOCAL, PWD=D:/Parqueadero/parqueadero, ProgramFiles(x86)=C:\Program Files (x86), INFOPATH=C:\Program Files\Git\usr\local\info;C:\Program Files\Git\usr\share\info;C:\Program Files\Git\usr\info;C:\Program Files\Git\share\info, PATHEXT=.COM;.EXE;.BAT;.CMD;.VBS;.VBE;.JS;.JSE;.WSF;.WSH;.MSC, SHELL=C:\Program Files\Git\usr\bin\bash.exe, DriverData=C:\Windows\System32\Drivers\DriverData, PROCESSOR_ARCHITEW6432=AMD64, ORIGINAL_TMP=C:/Users/JERSON~1.ZAM/AppData/Local/Temp, OLDPWD=C:/Gradle, TMPDIR=C:\Users\JERSON~1.ZAM\AppData\Local\Temp, WINDIR=C:\Windows, ProgramData=C:\ProgramData, ProgramW6432=C:\Program Files, SSH_ASKPASS=C:/Program Files/Git/mingw64/libexec/git-core/git-gui--askpass, HOMEPATH=\Users\jerson.zambrano, PROCESSOR_IDENTIFIER=Intel64 Family 6 Model 60 Stepping 3, GenuineIntel, M2_HOME=C:\Program Files (x86)\apache-maven-3.5.3\apache-maven\src, PUBLIC=C:\Users\Public, MINGW_CHOST=x86_64-w64-mingw32, =::=::\, EXEPATH=C:\Program Files\Git, SHLVL=1, LOCALAPPDATA=C:\Users\jerson.zambrano\AppData\Local, ORIGINAL_PATH=C:\Program Files\Git\mingw64\bin;C:\Program Files\Git\usr\bin;C:\Users\jerson.zambrano\bin;C:\Program Files (x86)\Common Files\Oracle\Java;C:\Program Files (x86)\Java\jdk1.8.0_171\bin;C:\Oracle\product\11.1.0\client_1\bin;C:\Program Files\CollabNet\Subversion Client;C:\Windows\system32;C:\Windows;C:\Windows\System32\Wbem;C:\Windows\System32\WindowsPowerShell\v1.0;C:\Windows\System32\OpenSSH;C:\Program Files\TortoiseSVN\bin;C:\Program Files (x86)\ATI Technologies\ATI.ACE\Core-Static;C:\Program Files\PuTTY;C:\Program Files\Git\cmd;C:\Gradle\bin;C:\Program Files (x86)\apache-maven-3.5.3\apache-maven\src\bin;C:\Program Files (x86)\Brackets\command;C:\Program Files\nodejs;C:\Users\jerson.zambrano\AppData\Local\Microsoft\WindowsApps;C:\Users\jerson.zambrano\AppData\Roaming\npm, MANPATH=C:\Program Files\Git\mingw64\share\man;C:\Program Files\Git\usr\local\man;C:\Program Files\Git\usr\share\man;C:\Program Files\Git\usr\man;C:\Program Files\Git\share\man, MINGW_PACKAGE_PREFIX=mingw-w64-x86_64, USERDOMAIN=CEIBA, LOGONSERVER=\\CRONOS, JAVA_HOME=C:\Program Files (x86)\Java\jdk1.8.0_171, PLINK_PROTOCOL=ssh, TERM=xterm, LANG=es_MX.UTF-8, GRADLE_HOME=C:\Gradle, MINGW_PREFIX=C:/Program Files/Git/mingw64, DISPLAY=needs-to-be-defined, MSYSTEM=MINGW64, OneDrive=C:\Users\jerson.zambrano\OneDrive, APPDATA=C:\Users\jerson.zambrano\AppData\Roaming, SYSTEMROOT=C:\Windows, OS=Windows_NT, COMPUTERNAME=JERSON-ZAMBRANO, COMMONPROGRAMFILES=C:\Program Files (x86)\Common Files, COMSPEC=C:\Windows\system32\cmd.exe, PROCESSOR_REVISION=3c03, CommonProgramW6432=C:\Program Files\Common Files, ACLOCAL_PATH=C:\Program Files\Git\mingw64\share\aclocal;C:\Program Files\Git\usr\share\aclocal, MSYSTEM_CARCH=x86_64, TEMP=C:\Users\JERSON~1.ZAM\AppData\Local\Temp, HOSTNAME=JERSON-ZAMBRANO, HOMEDRIVE=C:, USERPROFILE=C:\Users\jerson.zambrano, TMP=C:\Users\JERSON~1.ZAM\AppData\Local\Temp, CommonProgramFiles(x86)=C:\Program Files (x86)\Common Files, NUMBER_OF_PROCESSORS=4, HOME=C:\Users\jerson.zambrano}}]
16:36:20.455 [Test worker] DEBUG org.springframework.test.context.support.TestPropertySourceUtils - Adding inlined properties to environment: {spring.jmx.enabled=false, org.springframework.boot.test.context.SpringBootTestContextBootstrapper=true, server.port=-1}
16:36:20.455 [Test worker] DEBUG org.springframework.core.env.StandardEnvironment - Adding PropertySource 'Inlined Test Properties' with highest search precedence

  .   ____          _            __ _ _
 /\\ / ___'_ __ _ _(_)_ __  __ _ \ \ \ \
( ( )\___ | '_ | '_| | '_ \/ _` | \ \ \ \
 \\/  ___)| |_)| | | | | || (_| |  ) ) ) )
  '  |____| .__|_| |_|_| |_\__, | / / / /
 =========|_|==============|___/=/_/_/_/
 :: Spring Boot ::  (v2.1.0.BUILD-SNAPSHOT)

2018-05-17 16:36:20.839  INFO 7032 --- [    Test worker] .p.p.ParqueaderoPostgresApplicationTests : Starting ParqueaderoPostgresApplicationTests on JERSON-ZAMBRANO with PID 7032 (started by jerson.zambrano in D:\Parqueadero\parqueadero)
2018-05-17 16:36:20.841  INFO 7032 --- [    Test worker] .p.p.ParqueaderoPostgresApplicationTests : No active profile set, falling back to default profiles: default
2018-05-17 16:36:20.915  INFO 7032 --- [    Test worker] o.s.w.c.s.GenericWebApplicationContext   : Refreshing org.springframework.web.context.support.GenericWebApplicationContext@a27853: startup date [Thu May 17 16:36:20 COT 2018]; root of context hierarchy
2018-05-17 16:36:22.411  INFO 7032 --- [    Test worker] trationDelegate$BeanPostProcessorChecker : Bean 'org.springframework.transaction.annotation.ProxyTransactionManagementConfiguration' of type [org.springframework.transaction.annotation.ProxyTransactionManagementConfiguration$$EnhancerBySpringCGLIB$$da90e3aa] is not eligible for getting processed by all BeanPostProcessors (for example: not eligible for auto-proxying)
2018-05-17 16:36:22.741  INFO 7032 --- [    Test worker] j.LocalContainerEntityManagerFactoryBean : Building JPA container EntityManagerFactory for persistence unit 'default'
2018-05-17 16:36:22.772  INFO 7032 --- [    Test worker] o.hibernate.jpa.internal.util.LogHelper  : HHH000204: Processing PersistenceUnitInfo [
	name: default
	...]
2018-05-17 16:36:22.899  INFO 7032 --- [    Test worker] org.hibernate.Version                    : HHH000412: Hibernate Core {5.2.17.Final}
2018-05-17 16:36:22.901  INFO 7032 --- [    Test worker] org.hibernate.cfg.Environment            : HHH000206: hibernate.properties not found
2018-05-17 16:36:22.971  INFO 7032 --- [    Test worker] o.hibernate.annotations.common.Version   : HCANN000001: Hibernate Commons Annotations {5.0.1.Final}
2018-05-17 16:36:23.168  INFO 7032 --- [    Test worker] org.hibernate.dialect.Dialect            : HHH000400: Using dialect: org.hibernate.dialect.PostgreSQL95Dialect
2018-05-17 16:36:23.196  INFO 7032 --- [    Test worker] o.h.e.j.e.i.LobCreatorBuilderImpl        : HHH000422: Disabling contextual LOB creation as connection was null
2018-05-17 16:36:23.198  INFO 7032 --- [    Test worker] org.hibernate.type.BasicTypeRegistry     : HHH000270: Type registration [java.util.UUID] overrides previous : org.hibernate.type.UUIDBinaryType@33c342
2018-05-17 16:36:23.952  INFO 7032 --- [    Test worker] com.zaxxer.hikari.HikariDataSource       : HikariPool-1 - Starting...
2018-05-17 16:36:24.144  INFO 7032 --- [    Test worker] com.zaxxer.hikari.HikariDataSource       : HikariPool-1 - Start completed.
2018-05-17 16:36:24.279  INFO 7032 --- [    Test worker] j.LocalContainerEntityManagerFactoryBean : Initialized JPA EntityManagerFactory for persistence unit 'default'
2018-05-17 16:36:24.918  INFO 7032 --- [    Test worker] o.h.h.i.QueryTranslatorFactoryInitiator  : HHH000397: Using ASTQueryTranslatorFactory
2018-05-17 16:36:25.462  INFO 7032 --- [    Test worker] o.s.w.s.handler.SimpleUrlHandlerMapping  : Mapped URL path [/**/favicon.ico] onto handler of type [class org.springframework.web.servlet.resource.ResourceHttpRequestHandler]
2018-05-17 16:36:25.844  INFO 7032 --- [    Test worker] s.w.s.m.m.a.RequestMappingHandlerAdapter : Looking for @ControllerAdvice: org.springframework.web.context.support.GenericWebApplicationContext@a27853: startup date [Thu May 17 16:36:20 COT 2018]; root of context hierarchy
2018-05-17 16:36:25.911  WARN 7032 --- [    Test worker] aWebConfiguration$JpaWebMvcConfiguration : spring.jpa.open-in-view is enabled by default. Therefore, database queries may be performed during view rendering. Explicitly configure spring.jpa.open-in-view to disable this warning
2018-05-17 16:36:25.959  INFO 7032 --- [    Test worker] s.w.s.m.m.a.RequestMappingHandlerMapping : Mapped "{[/registrarSalida],methods=[POST]}" onto public java.lang.Double com.parqueadero.api.ParqueaderoServices.registrarSalida(com.parqueadero.modelo.Vehiculo)
2018-05-17 16:36:25.960  INFO 7032 --- [    Test worker] s.w.s.m.m.a.RequestMappingHandlerMapping : Mapped "{[/registrarIngreso],methods=[POST]}" onto public java.util.Map<java.lang.String, java.lang.Boolean> com.parqueadero.api.ParqueaderoServices.registrarIngreso(com.parqueadero.modelo.Vehiculo)
2018-05-17 16:36:25.960  INFO 7032 --- [    Test worker] s.w.s.m.m.a.RequestMappingHandlerMapping : Mapped "{[/consultarVehiculos/{placa}],methods=[GET]}" onto public com.parqueadero.modelo.Vehiculo com.parqueadero.api.ParqueaderoServices.consultarVehiculo(java.lang.String)
2018-05-17 16:36:25.962  INFO 7032 --- [    Test worker] s.w.s.m.m.a.RequestMappingHandlerMapping : Mapped "{[/error]}" onto public org.springframework.http.ResponseEntity<java.util.Map<java.lang.String, java.lang.Object>> org.springframework.boot.autoconfigure.web.servlet.error.BasicErrorController.error(javax.servlet.http.HttpServletRequest)
2018-05-17 16:36:25.963  INFO 7032 --- [    Test worker] s.w.s.m.m.a.RequestMappingHandlerMapping : Mapped "{[/error],produces=[text/html]}" onto public org.springframework.web.servlet.ModelAndView org.springframework.boot.autoconfigure.web.servlet.error.BasicErrorController.errorHtml(javax.servlet.http.HttpServletRequest,javax.servlet.http.HttpServletResponse)
2018-05-17 16:36:25.990  INFO 7032 --- [    Test worker] o.s.w.s.handler.SimpleUrlHandlerMapping  : Mapped URL path [/webjars/**] onto handler of type [class org.springframework.web.servlet.resource.ResourceHttpRequestHandler]
2018-05-17 16:36:25.990  INFO 7032 --- [    Test worker] o.s.w.s.handler.SimpleUrlHandlerMapping  : Mapped URL path [/**] onto handler of type [class org.springframework.web.servlet.resource.ResourceHttpRequestHandler]
2018-05-17 16:36:26.299  INFO 7032 --- [    Test worker] .p.p.ParqueaderoPostgresApplicationTests : Started ParqueaderoPostgresApplicationTests in 5.827 seconds (JVM running for 7.977)
Hibernate: select registropa0_.id_registro as id_regis1_1_, registropa0_.cilindraje as cilindra2_1_, registropa0_.fecha_ingreso as fecha_in3_1_, registropa0_.fecha_salida as fecha_sa4_1_, registropa0_.placa as placa5_1_, registropa0_.tipo_vehiculo as tipo_veh6_1_, registropa0_.valor_total as valor_to7_1_ from registro registropa0_ where registropa0_.placa=? and (registropa0_.fecha_salida is null)
Hibernate: insert into registro (cilindraje, fecha_ingreso, fecha_salida, placa, tipo_vehiculo, valor_total) values (?, ?, ?, ?, ?, ?)
Hibernate: select currval('registro_id_registro_seq')
Hibernate: select registropa0_.id_registro as id_regis1_1_, registropa0_.cilindraje as cilindra2_1_, registropa0_.fecha_ingreso as fecha_in3_1_, registropa0_.fecha_salida as fecha_sa4_1_, registropa0_.placa as placa5_1_, registropa0_.tipo_vehiculo as tipo_veh6_1_, registropa0_.valor_total as valor_to7_1_ from registro registropa0_ where registropa0_.placa=? and (registropa0_.fecha_salida is null)
Hibernate: select registropa0_.id_registro as id_regis1_1_, registropa0_.cilindraje as cilindra2_1_, registropa0_.fecha_ingreso as fecha_in3_1_, registropa0_.fecha_salida as fecha_sa4_1_, registropa0_.placa as placa5_1_, registropa0_.tipo_vehiculo as tipo_veh6_1_, registropa0_.valor_total as valor_to7_1_ from registro registropa0_ where registropa0_.placa=? and (registropa0_.fecha_salida is null)
Hibernate: select registropa0_.id_registro as id_regis1_1_, registropa0_.cilindraje as cilindra2_1_, registropa0_.fecha_ingreso as fecha_in3_1_, registropa0_.fecha_salida as fecha_sa4_1_, registropa0_.placa as placa5_1_, registropa0_.tipo_vehiculo as tipo_veh6_1_, registropa0_.valor_total as valor_to7_1_ from registro registropa0_ where registropa0_.placa=? and (registropa0_.fecha_salida is null)
Hibernate: select registropa0_.id_registro as id_regis1_1_, registropa0_.cilindraje as cilindra2_1_, registropa0_.fecha_ingreso as fecha_in3_1_, registropa0_.fecha_salida as fecha_sa4_1_, registropa0_.placa as placa5_1_, registropa0_.tipo_vehiculo as tipo_veh6_1_, registropa0_.valor_total as valor_to7_1_ from registro registropa0_ where registropa0_.placa=? and (registropa0_.fecha_salida is null)
Hibernate: select registropa0_.id_registro as id_regis1_1_0_, registropa0_.cilindraje as cilindra2_1_0_, registropa0_.fecha_ingreso as fecha_in3_1_0_, registropa0_.fecha_salida as fecha_sa4_1_0_, registropa0_.placa as placa5_1_0_, registropa0_.tipo_vehiculo as tipo_veh6_1_0_, registropa0_.valor_total as valor_to7_1_0_ from registro registropa0_ where registropa0_.id_registro=?
Hibernate: delete from registro where id_registro=?
Hibernate: select count(registropa0_.id_registro) as col_0_0_ from registro registropa0_ where registropa0_.tipo_vehiculo=? and (registropa0_.fecha_salida is null)
Hibernate: insert into registro (cilindraje, fecha_ingreso, fecha_salida, placa, tipo_vehiculo, valor_total) values (?, ?, ?, ?, ?, ?)
Hibernate: select currval('registro_id_registro_seq')
{VALIDACION_DISPONIBILIDAD=true, VALIDACION_DOMINGO_LUNES=true}
Hibernate: select registropa0_.id_registro as id_regis1_1_, registropa0_.cilindraje as cilindra2_1_, registropa0_.fecha_ingreso as fecha_in3_1_, registropa0_.fecha_salida as fecha_sa4_1_, registropa0_.placa as placa5_1_, registropa0_.tipo_vehiculo as tipo_veh6_1_, registropa0_.valor_total as valor_to7_1_ from registro registropa0_ where registropa0_.placa=? and (registropa0_.fecha_salida is null)
Hibernate: select registropa0_.id_registro as id_regis1_1_, registropa0_.cilindraje as cilindra2_1_, registropa0_.fecha_ingreso as fecha_in3_1_, registropa0_.fecha_salida as fecha_sa4_1_, registropa0_.placa as placa5_1_, registropa0_.tipo_vehiculo as tipo_veh6_1_, registropa0_.valor_total as valor_to7_1_ from registro registropa0_ where registropa0_.placa=? and (registropa0_.fecha_salida is null)
Hibernate: select registropa0_.id_registro as id_regis1_1_, registropa0_.cilindraje as cilindra2_1_, registropa0_.fecha_ingreso as fecha_in3_1_, registropa0_.fecha_salida as fecha_sa4_1_, registropa0_.placa as placa5_1_, registropa0_.tipo_vehiculo as tipo_veh6_1_, registropa0_.valor_total as valor_to7_1_ from registro registropa0_ where registropa0_.placa=? and (registropa0_.fecha_salida is null)
Hibernate: select registropa0_.id_registro as id_regis1_1_0_, registropa0_.cilindraje as cilindra2_1_0_, registropa0_.fecha_ingreso as fecha_in3_1_0_, registropa0_.fecha_salida as fecha_sa4_1_0_, registropa0_.placa as placa5_1_0_, registropa0_.tipo_vehiculo as tipo_veh6_1_0_, registropa0_.valor_total as valor_to7_1_0_ from registro registropa0_ where registropa0_.id_registro=?
Hibernate: delete from registro where id_registro=?
Hibernate: insert into registro (cilindraje, fecha_ingreso, fecha_salida, placa, tipo_vehiculo, valor_total) values (?, ?, ?, ?, ?, ?)
Hibernate: select currval('registro_id_registro_seq')
Hibernate: select registropa0_.id_registro as id_regis1_1_, registropa0_.cilindraje as cilindra2_1_, registropa0_.fecha_ingreso as fecha_in3_1_, registropa0_.fecha_salida as fecha_sa4_1_, registropa0_.placa as placa5_1_, registropa0_.tipo_vehiculo as tipo_veh6_1_, registropa0_.valor_total as valor_to7_1_ from registro registropa0_ where registropa0_.placa=? and (registropa0_.fecha_salida is null)
]]></system-out>
  <system-err><![CDATA[]]></system-err>
</testsuite>
